Build started 18-04-2013 10:05:33 AM.
     1>Project "C:\Users\Navratan\Desktop\theSecondOne\theSecondOne\theSecondOne.vcxproj" on node 2 (build target(s)).
     1>InitializeBuildStatus:
         Creating "Debug\theSecondOne.unsuccessfulbuild" because "AlwaysCreate" was specified.
       ClCompile:
         C:\Program Files (x86)\Microsoft Visual Studio 10.0\VC\bin\CL.exe /c /I"C:\Program Files (x86)\AMD APP\\include" /ZI /nologo /W3 /WX- /Od /Oy- /D WIN32 /D _DEBUG /D _CONSOLE /D _UNICODE /D UNICODE /Gm /EHsc /RTC1 /MDd /GS /fp:precise /Zc:wchar_t /Zc:forScope /Fo"Debug\\" /Fd"Debug\vc100.pdb" /Gd /TP /analyze- /errorReport:prompt theSecondMain.cpp
         theSecondMain.cpp
     1>c:\users\navratan\desktop\thesecondone\thesecondone\thesecondmain.cpp(75): warning C4996: 'fopen': This function or variable may be unsafe. Consider using fopen_s instead. To disable deprecation, use _CRT_SECURE_NO_WARNINGS. See online help for details.
                 c:\program files (x86)\microsoft visual studio 10.0\vc\include\stdio.h(234) : see declaration of 'fopen'
     1>c:\users\navratan\desktop\thesecondone\thesecondone\thesecondmain.cpp(130): warning C4244: '=' : conversion from 'cl_ulong' to 'float', possible loss of data
     1>c:\users\navratan\desktop\thesecondone\thesecondone\thesecondmain.cpp(18): warning C4700: uninitialized local variable 'error' used
       ManifestResourceCompile:
         C:\Program Files (x86)\Microsoft SDKs\Windows\v7.0A\bin\rc.exe /nologo /fo"Debug\theSecondOne.exe.embed.manifest.res" Debug\theSecondOne_manifest.rc 
       Link:
         C:\Program Files (x86)\Microsoft Visual Studio 10.0\VC\bin\link.exe /ERRORREPORT:PROMPT /OUT:"C:\Users\Navratan\Desktop\theSecondOne\Debug\theSecondOne.exe" /INCREMENTAL /NOLOGO /LIBPATH:"C:\Program Files (x86)\AMD APP\\lib\x86" kernel32.lib user32.lib gdi32.lib winspool.lib comdlg32.lib advapi32.lib shell32.lib ole32.lib oleaut32.lib uuid.lib odbc32.lib odbccp32.lib kernel32.lib user32.lib gdi32.lib winspool.lib comdlg32.lib advapi32.lib shell32.lib ole32.lib oleaut32.lib uuid.lib odbc32.lib odbccp32.lib OpenCL.lib /MANIFEST /ManifestFile:"Debug\theSecondOne.exe.intermediate.manifest" /MANIFESTUAC:"level='asInvoker' uiAccess='false'" /DEBUG /PDB:"C:\Users\Navratan\Desktop\theSecondOne\Debug\theSecondOne.pdb" /SUBSYSTEM:CONSOLE /TLBID:1 /DYNAMICBASE /NXCOMPAT /IMPLIB:"C:\Users\Navratan\Desktop\theSecondOne\Debug\theSecondOne.lib" /MACHINE:X86 Debug\theSecondOne.exe.embed.manifest.res
         Debug\theSecondMain.obj
       Manifest:
         C:\Program Files (x86)\Microsoft SDKs\Windows\v7.0A\bin\mt.exe /nologo /verbose /out:"Debug\theSecondOne.exe.embed.manifest" /manifest Debug\theSecondOne.exe.intermediate.manifest
         All outputs are up-to-date.
       LinkEmbedManifest:
         All outputs are up-to-date.
         theSecondOne.vcxproj -> C:\Users\Navratan\Desktop\theSecondOne\Debug\theSecondOne.exe
       FinalizeBuildStatus:
         Deleting file "Debug\theSecondOne.unsuccessfulbuild".
         Touching "Debug\theSecondOne.lastbuildstate".
     1>Done Building Project "C:\Users\Navratan\Desktop\theSecondOne\theSecondOne\theSecondOne.vcxproj" (build target(s)).

Build succeeded.

Time Elapsed 00:00:01.32
