C:\USERS\RAJPAL\DOCUMENTS\AMD APP\SAMPLES\OPENCL\CPP_CL\APP\TEST\THESECONDONE\DEBUG\THESECONDONE.EXE
C:\USERS\RAJPAL\DOCUMENTS\AMD APP\SAMPLES\OPENCL\CPP_CL\APP\TEST\THESECONDONE\DEBUG\THESECONDONE.ILK
C:\USERS\RAJPAL\DOCUMENTS\AMD APP\SAMPLES\OPENCL\CPP_CL\APP\TEST\THESECONDONE\DEBUG\THESECONDONE.PDB
C:\Users\Rajpal\Documents\AMD APP\samples\opencl\cpp_cl\app\test\theSecondOne\theSecondOne\Debug\cl.command.1.tlog
C:\Users\Rajpal\Documents\AMD APP\samples\opencl\cpp_cl\app\test\theSecondOne\theSecondOne\Debug\CL.read.1.tlog
C:\Users\Rajpal\Documents\AMD APP\samples\opencl\cpp_cl\app\test\theSecondOne\theSecondOne\Debug\CL.write.1.tlog
C:\Users\Rajpal\Documents\AMD APP\samples\opencl\cpp_cl\app\test\theSecondOne\theSecondOne\Debug\link.3324.read.1.tlog
C:\Users\Rajpal\Documents\AMD APP\samples\opencl\cpp_cl\app\test\theSecondOne\theSecondOne\Debug\link.3324.write.1.tlog
C:\Users\Rajpal\Documents\AMD APP\samples\opencl\cpp_cl\app\test\theSecondOne\theSecondOne\Debug\link.3324-cvtres.read.1.tlog
C:\Users\Rajpal\Documents\AMD APP\samples\opencl\cpp_cl\app\test\theSecondOne\theSecondOne\Debug\link.3324-cvtres.write.1.tlog
C:\Users\Rajpal\Documents\AMD APP\samples\opencl\cpp_cl\app\test\theSecondOne\theSecondOne\Debug\link.4916.read.1.tlog
C:\Users\Rajpal\Documents\AMD APP\samples\opencl\cpp_cl\app\test\theSecondOne\theSecondOne\Debug\link.4916.write.1.tlog
C:\Users\Rajpal\Documents\AMD APP\samples\opencl\cpp_cl\app\test\theSecondOne\theSecondOne\Debug\link.4916-cvtres.read.1.tlog
C:\Users\Rajpal\Documents\AMD APP\samples\opencl\cpp_cl\app\test\theSecondOne\theSecondOne\Debug\link.4916-cvtres.write.1.tlog
C:\Users\Rajpal\Documents\AMD APP\samples\opencl\cpp_cl\app\test\theSecondOne\theSecondOne\Debug\link.command.1.tlog
C:\Users\Rajpal\Documents\AMD APP\samples\opencl\cpp_cl\app\test\theSecondOne\theSecondOne\Debug\link.read.1.tlog
C:\Users\Rajpal\Documents\AMD APP\samples\opencl\cpp_cl\app\test\theSecondOne\theSecondOne\Debug\link.write.1.tlog
C:\Users\Rajpal\Documents\AMD APP\samples\opencl\cpp_cl\app\test\theSecondOne\theSecondOne\Debug\link-cvtres.read.1.tlog
C:\Users\Rajpal\Documents\AMD APP\samples\opencl\cpp_cl\app\test\theSecondOne\theSecondOne\Debug\link-cvtres.write.1.tlog
C:\Users\Rajpal\Documents\AMD APP\samples\opencl\cpp_cl\app\test\theSecondOne\theSecondOne\Debug\mt.command.1.tlog
C:\Users\Rajpal\Documents\AMD APP\samples\opencl\cpp_cl\app\test\theSecondOne\theSecondOne\Debug\mt.read.1.tlog
C:\Users\Rajpal\Documents\AMD APP\samples\opencl\cpp_cl\app\test\theSecondOne\theSecondOne\Debug\mt.write.1.tlog
C:\Users\Rajpal\Documents\AMD APP\samples\opencl\cpp_cl\app\test\theSecondOne\theSecondOne\Debug\rc.command.1.tlog
C:\Users\Rajpal\Documents\AMD APP\samples\opencl\cpp_cl\app\test\theSecondOne\theSecondOne\Debug\rc.read.1.tlog
C:\Users\Rajpal\Documents\AMD APP\samples\opencl\cpp_cl\app\test\theSecondOne\theSecondOne\Debug\rc.write.1.tlog
C:\USERS\RAJPAL\DOCUMENTS\AMD APP\SAMPLES\OPENCL\CPP_CL\APP\TEST\THESECONDONE\THESECONDONE\DEBUG\THESECONDMAIN.OBJ
C:\USERS\RAJPAL\DOCUMENTS\AMD APP\SAMPLES\OPENCL\CPP_CL\APP\TEST\THESECONDONE\THESECONDONE\DEBUG\THESECONDONE.EXE.EMBED.MANIFEST
C:\USERS\RAJPAL\DOCUMENTS\AMD APP\SAMPLES\OPENCL\CPP_CL\APP\TEST\THESECONDONE\THESECONDONE\DEBUG\THESECONDONE.EXE.EMBED.MANIFEST.RES
C:\USERS\RAJPAL\DOCUMENTS\AMD APP\SAMPLES\OPENCL\CPP_CL\APP\TEST\THESECONDONE\THESECONDONE\DEBUG\THESECONDONE.EXE.INTERMEDIATE.MANIFEST
C:\Users\Rajpal\Documents\AMD APP\samples\opencl\cpp_cl\app\test\theSecondOne\theSecondOne\Debug\theSecondOne_manifest.rc
C:\Users\Rajpal\Documents\AMD APP\samples\opencl\cpp_cl\app\test\theSecondOne\theSecondOne\Debug\vc100.idb
C:\USERS\RAJPAL\DOCUMENTS\AMD APP\SAMPLES\OPENCL\CPP_CL\APP\TEST\THESECONDONE\THESECONDONE\DEBUG\VC100.PDB
